Created by PLY version 3.11 (http://www.dabeaz.com/ply)

Unused terminals:

    QUOTE
    WHITESPACE

Grammar

Rule 0     S' -> full_query
Rule 1     node_clause -> LPAREN KEY RPAREN
Rule 2     node_clause -> LPAREN COLON NAME RPAREN
Rule 3     node_clause -> LPAREN KEY COLON NAME RPAREN
Rule 4     node_clause -> LPAREN KEY COLON NAME condition_list RPAREN
Rule 5     condition_list -> KEY COLON STRING
Rule 6     condition_list -> KEY COLON INTEGER
Rule 7     condition_list -> condition_list COMMA condition_list
Rule 8     condition_list -> LCURLEY condition_list RCURLEY
Rule 9     condition_list -> KEY COLON condition_list
Rule 10    constraint -> keypath EQUALS STRING
Rule 11    constraint -> keypath EQUALS INTEGER
Rule 12    constraint -> keypath EQUALS keypath
Rule 13    constraint -> keypath NOT_EQUAL INTEGER
Rule 14    constraint -> keypath GREATERTHAN INTEGER
Rule 15    constraint -> keypath GREATERTHAN_OR_EQUAL INTEGER
Rule 16    constraint -> keypath LESSTHAN INTEGER
Rule 17    constraint -> keypath LESSTHAN_OR_EQUAL INTEGER
Rule 18    constraint -> constraint OR constraint
Rule 19    constraint -> constraint AND constraint
Rule 20    constraint -> NOT constraint
Rule 21    constraint -> LPAREN constraint RPAREN
Rule 22    where_clause -> WHERE constraint
Rule 23    keypath -> KEY DOT KEY
Rule 24    keypath -> keypath DOT KEY
Rule 25    edge_condition -> LBRACKET COLON NAME RBRACKET
Rule 26    edge_condition -> LBRACKET COLON NAME condition_list RBRACKET
Rule 27    edge_condition -> LBRACKET KEY COLON NAME RBRACKET
Rule 28    edge_condition -> LBRACKET KEY COLON NAME condition_list RBRACKET
Rule 29    labeled_edge -> DASH edge_condition DASH GREATERTHAN
Rule 30    labeled_edge -> LESSTHAN DASH edge_condition DASH
Rule 31    literals -> node_clause
Rule 32    literals -> literals COMMA literals
Rule 33    literals -> literals RIGHT_ARROW literals
Rule 34    literals -> literals LEFT_ARROW literals
Rule 35    literals -> literals labeled_edge literals
Rule 36    match_where -> MATCH literals
Rule 37    match_where -> MATCH literals where_clause
Rule 38    create_clause -> CREATE literals
Rule 39    full_query -> match_where return_variables
Rule 40    full_query -> create_clause
Rule 41    full_query -> create_clause return_variables
Rule 42    return_variables -> RETURN KEY
Rule 43    return_variables -> RETURN keypath
Rule 44    return_variables -> return_variables COMMA KEY
Rule 45    return_variables -> return_variables COMMA keypath

Terminals, with rules where they appear

AND                  : 19
COLON                : 2 3 4 5 6 9 25 26 27 28
COMMA                : 7 32 44 45
CREATE               : 38
DASH                 : 29 29 30 30
DOT                  : 23 24
EQUALS               : 10 11 12
GREATERTHAN          : 14 29
GREATERTHAN_OR_EQUAL : 15
INTEGER              : 6 11 13 14 15 16 17
KEY                  : 1 3 4 5 6 9 23 23 24 27 28 42 44
LBRACKET             : 25 26 27 28
LCURLEY              : 8
LEFT_ARROW           : 34
LESSTHAN             : 16 30
LESSTHAN_OR_EQUAL    : 17
LPAREN               : 1 2 3 4 21
MATCH                : 36 37
NAME                 : 2 3 4 25 26 27 28
NOT                  : 20
NOT_EQUAL            : 13
OR                   : 18
QUOTE                : 
RBRACKET             : 25 26 27 28
RCURLEY              : 8
RETURN               : 42 43
RIGHT_ARROW          : 33
RPAREN               : 1 2 3 4 21
STRING               : 5 10
WHERE                : 22
WHITESPACE           : 
error                : 

Nonterminals, with rules where they appear

condition_list       : 4 7 7 8 9 26 28
constraint           : 18 18 19 19 20 21 22
create_clause        : 40 41
edge_condition       : 29 30
full_query           : 0
keypath              : 10 11 12 12 13 14 15 16 17 24 43 45
labeled_edge         : 35
literals             : 32 32 33 33 34 34 35 35 36 37 38
match_where          : 39
node_clause          : 31
return_variables     : 39 41 44 45
where_clause         : 37

Parsing method: LALR

state 0

    (0) S' -> . full_query
    (39) full_query -> . match_where return_variables
    (40) full_query -> . create_clause
    (41) full_query -> . create_clause return_variables
    (36) match_where -> . MATCH literals
    (37) match_where -> . MATCH literals where_clause
    (38) create_clause -> . CREATE literals

    MATCH           shift and go to state 4
    CREATE          shift and go to state 5

    full_query                     shift and go to state 1
    match_where                    shift and go to state 2
    create_clause                  shift and go to state 3

state 1

    (0) S' -> full_query .



state 2

    (39) full_query -> match_where . return_variables
    (42) return_variables -> . RETURN KEY
    (43) return_variables -> . RETURN keypath
    (44) return_variables -> . return_variables COMMA KEY
    (45) return_variables -> . return_variables COMMA keypath

    RETURN          shift and go to state 7

    return_variables               shift and go to state 6

state 3

    (40) full_query -> create_clause .
    (41) full_query -> create_clause . return_variables
    (42) return_variables -> . RETURN KEY
    (43) return_variables -> . RETURN keypath
    (44) return_variables -> . return_variables COMMA KEY
    (45) return_variables -> . return_variables COMMA keypath

    $end            reduce using rule 40 (full_query -> create_clause .)
    RETURN          shift and go to state 7

    return_variables               shift and go to state 8

state 4

    (36) match_where -> MATCH . literals
    (37) match_where -> MATCH . literals where_clause
    (31) literals -> . node_clause
    (32) literals -> . literals COMMA literals
    (33) literals -> . literals RIGHT_ARROW literals
    (34) literals -> . literals LEFT_ARROW literals
    (35) literals -> . literals labeled_edge literals
    (1) node_clause -> . LPAREN KEY RPAREN
    (2) node_clause -> . LPAREN COLON NAME RPAREN
    (3) node_clause -> . LPAREN KEY COLON NAME RPAREN
    (4) node_clause -> . LPAREN KEY COLON NAME condition_list RPAREN

    LPAREN          shift and go to state 11

    literals                       shift and go to state 9
    node_clause                    shift and go to state 10

state 5

    (38) create_clause -> CREATE . literals
    (31) literals -> . node_clause
    (32) literals -> . literals COMMA literals
    (33) literals -> . literals RIGHT_ARROW literals
    (34) literals -> . literals LEFT_ARROW literals
    (35) literals -> . literals labeled_edge literals
    (1) node_clause -> . LPAREN KEY RPAREN
    (2) node_clause -> . LPAREN COLON NAME RPAREN
    (3) node_clause -> . LPAREN KEY COLON NAME RPAREN
    (4) node_clause -> . LPAREN KEY COLON NAME condition_list RPAREN

    LPAREN          shift and go to state 11

    literals                       shift and go to state 12
    node_clause                    shift and go to state 10

state 6

    (39) full_query -> match_where return_variables .
    (44) return_variables -> return_variables . COMMA KEY
    (45) return_variables -> return_variables . COMMA keypath

    $end            reduce using rule 39 (full_query -> match_where return_variables .)
    COMMA           shift and go to state 13


state 7

    (42) return_variables -> RETURN . KEY
    (43) return_variables -> RETURN . keypath
    (23) keypath -> . KEY DOT KEY
    (24) keypath -> . keypath DOT KEY

    KEY             shift and go to state 14

    keypath                        shift and go to state 15

state 8

    (41) full_query -> create_clause return_variables .
    (44) return_variables -> return_variables . COMMA KEY
    (45) return_variables -> return_variables . COMMA keypath

    $end            reduce using rule 41 (full_query -> create_clause return_variables .)
    COMMA           shift and go to state 13


state 9

    (36) match_where -> MATCH literals .
    (37) match_where -> MATCH literals . where_clause
    (32) literals -> literals . COMMA literals
    (33) literals -> literals . RIGHT_ARROW literals
    (34) literals -> literals . LEFT_ARROW literals
    (35) literals -> literals . labeled_edge literals
    (22) where_clause -> . WHERE constraint
    (29) labeled_edge -> . DASH edge_condition DASH GREATERTHAN
    (30) labeled_edge -> . LESSTHAN DASH edge_condition DASH

    RETURN          reduce using rule 36 (match_where -> MATCH literals .)
    COMMA           shift and go to state 17
    RIGHT_ARROW     shift and go to state 18
    LEFT_ARROW      shift and go to state 19
    WHERE           shift and go to state 21
    DASH            shift and go to state 22
    LESSTHAN        shift and go to state 23

    where_clause                   shift and go to state 16
    labeled_edge                   shift and go to state 20

state 10

    (31) literals -> node_clause .

    COMMA           reduce using rule 31 (literals -> node_clause .)
    RIGHT_ARROW     reduce using rule 31 (literals -> node_clause .)
    LEFT_ARROW      reduce using rule 31 (literals -> node_clause .)
    WHERE           reduce using rule 31 (literals -> node_clause .)
    DASH            reduce using rule 31 (literals -> node_clause .)
    LESSTHAN        reduce using rule 31 (literals -> node_clause .)
    RETURN          reduce using rule 31 (literals -> node_clause .)
    $end            reduce using rule 31 (literals -> node_clause .)


state 11

    (1) node_clause -> LPAREN . KEY RPAREN
    (2) node_clause -> LPAREN . COLON NAME RPAREN
    (3) node_clause -> LPAREN . KEY COLON NAME RPAREN
    (4) node_clause -> LPAREN . KEY COLON NAME condition_list RPAREN

    KEY             shift and go to state 24
    COLON           shift and go to state 25


state 12

    (38) create_clause -> CREATE literals .
    (32) literals -> literals . COMMA literals
    (33) literals -> literals . RIGHT_ARROW literals
    (34) literals -> literals . LEFT_ARROW literals
    (35) literals -> literals . labeled_edge literals
    (29) labeled_edge -> . DASH edge_condition DASH GREATERTHAN
    (30) labeled_edge -> . LESSTHAN DASH edge_condition DASH

    RETURN          reduce using rule 38 (create_clause -> CREATE literals .)
    $end            reduce using rule 38 (create_clause -> CREATE literals .)
    COMMA           shift and go to state 17
    RIGHT_ARROW     shift and go to state 18
    LEFT_ARROW      shift and go to state 19
    DASH            shift and go to state 22
    LESSTHAN        shift and go to state 23

    labeled_edge                   shift and go to state 20

state 13

    (44) return_variables -> return_variables COMMA . KEY
    (45) return_variables -> return_variables COMMA . keypath
    (23) keypath -> . KEY DOT KEY
    (24) keypath -> . keypath DOT KEY

    KEY             shift and go to state 26

    keypath                        shift and go to state 27

state 14

    (42) return_variables -> RETURN KEY .
    (23) keypath -> KEY . DOT KEY

    COMMA           reduce using rule 42 (return_variables -> RETURN KEY .)
    $end            reduce using rule 42 (return_variables -> RETURN KEY .)
    DOT             shift and go to state 28


state 15

    (43) return_variables -> RETURN keypath .
    (24) keypath -> keypath . DOT KEY

    COMMA           reduce using rule 43 (return_variables -> RETURN keypath .)
    $end            reduce using rule 43 (return_variables -> RETURN keypath .)
    DOT             shift and go to state 29


state 16

    (37) match_where -> MATCH literals where_clause .

    RETURN          reduce using rule 37 (match_where -> MATCH literals where_clause .)


state 17

    (32) literals -> literals COMMA . literals
    (31) literals -> . node_clause
    (32) literals -> . literals COMMA literals
    (33) literals -> . literals RIGHT_ARROW literals
    (34) literals -> . literals LEFT_ARROW literals
    (35) literals -> . literals labeled_edge literals
    (1) node_clause -> . LPAREN KEY RPAREN
    (2) node_clause -> . LPAREN COLON NAME RPAREN
    (3) node_clause -> . LPAREN KEY COLON NAME RPAREN
    (4) node_clause -> . LPAREN KEY COLON NAME condition_list RPAREN

    LPAREN          shift and go to state 11

    literals                       shift and go to state 30
    node_clause                    shift and go to state 10

state 18

    (33) literals -> literals RIGHT_ARROW . literals
    (31) literals -> . node_clause
    (32) literals -> . literals COMMA literals
    (33) literals -> . literals RIGHT_ARROW literals
    (34) literals -> . literals LEFT_ARROW literals
    (35) literals -> . literals labeled_edge literals
    (1) node_clause -> . LPAREN KEY RPAREN
    (2) node_clause -> . LPAREN COLON NAME RPAREN
    (3) node_clause -> . LPAREN KEY COLON NAME RPAREN
    (4) node_clause -> . LPAREN KEY COLON NAME condition_list RPAREN

    LPAREN          shift and go to state 11

    literals                       shift and go to state 31
    node_clause                    shift and go to state 10

state 19

    (34) literals -> literals LEFT_ARROW . literals
    (31) literals -> . node_clause
    (32) literals -> . literals COMMA literals
    (33) literals -> . literals RIGHT_ARROW literals
    (34) literals -> . literals LEFT_ARROW literals
    (35) literals -> . literals labeled_edge literals
    (1) node_clause -> . LPAREN KEY RPAREN
    (2) node_clause -> . LPAREN COLON NAME RPAREN
    (3) node_clause -> . LPAREN KEY COLON NAME RPAREN
    (4) node_clause -> . LPAREN KEY COLON NAME condition_list RPAREN

    LPAREN          shift and go to state 11

    literals                       shift and go to state 32
    node_clause                    shift and go to state 10

state 20

    (35) literals -> literals labeled_edge . literals
    (31) literals -> . node_clause
    (32) literals -> . literals COMMA literals
    (33) literals -> . literals RIGHT_ARROW literals
    (34) literals -> . literals LEFT_ARROW literals
    (35) literals -> . literals labeled_edge literals
    (1) node_clause -> . LPAREN KEY RPAREN
    (2) node_clause -> . LPAREN COLON NAME RPAREN
    (3) node_clause -> . LPAREN KEY COLON NAME RPAREN
    (4) node_clause -> . LPAREN KEY COLON NAME condition_list RPAREN

    LPAREN          shift and go to state 11

    literals                       shift and go to state 33
    node_clause                    shift and go to state 10

state 21

    (22) where_clause -> WHERE . constraint
    (10) constraint -> . keypath EQUALS STRING
    (11) constraint -> . keypath EQUALS INTEGER
    (12) constraint -> . keypath EQUALS keypath
    (13) constraint -> . keypath NOT_EQUAL INTEGER
    (14) constraint -> . keypath GREATERTHAN INTEGER
    (15) constraint -> . keypath GREATERTHAN_OR_EQUAL INTEGER
    (16) constraint -> . keypath LESSTHAN INTEGER
    (17) constraint -> . keypath LESSTHAN_OR_EQUAL INTEGER
    (18) constraint -> . constraint OR constraint
    (19) constraint -> . constraint AND constraint
    (20) constraint -> . NOT constraint
    (21) constraint -> . LPAREN constraint RPAREN
    (23) keypath -> . KEY DOT KEY
    (24) keypath -> . keypath DOT KEY

    NOT             shift and go to state 36
    LPAREN          shift and go to state 37
    KEY             shift and go to state 38

    constraint                     shift and go to state 34
    keypath                        shift and go to state 35

state 22

    (29) labeled_edge -> DASH . edge_condition DASH GREATERTHAN
    (25) edge_condition -> . LBRACKET COLON NAME RBRACKET
    (26) edge_condition -> . LBRACKET COLON NAME condition_list RBRACKET
    (27) edge_condition -> . LBRACKET KEY COLON NAME RBRACKET
    (28) edge_condition -> . LBRACKET KEY COLON NAME condition_list RBRACKET

    LBRACKET        shift and go to state 40

    edge_condition                 shift and go to state 39

state 23

    (30) labeled_edge -> LESSTHAN . DASH edge_condition DASH

    DASH            shift and go to state 41


state 24

    (1) node_clause -> LPAREN KEY . RPAREN
    (3) node_clause -> LPAREN KEY . COLON NAME RPAREN
    (4) node_clause -> LPAREN KEY . COLON NAME condition_list RPAREN

    RPAREN          shift and go to state 42
    COLON           shift and go to state 43


state 25

    (2) node_clause -> LPAREN COLON . NAME RPAREN

    NAME            shift and go to state 44


state 26

    (44) return_variables -> return_variables COMMA KEY .
    (23) keypath -> KEY . DOT KEY

    COMMA           reduce using rule 44 (return_variables -> return_variables COMMA KEY .)
    $end            reduce using rule 44 (return_variables -> return_variables COMMA KEY .)
    DOT             shift and go to state 28


state 27

    (45) return_variables -> return_variables COMMA keypath .
    (24) keypath -> keypath . DOT KEY

    COMMA           reduce using rule 45 (return_variables -> return_variables COMMA keypath .)
    $end            reduce using rule 45 (return_variables -> return_variables COMMA keypath .)
    DOT             shift and go to state 29


state 28

    (23) keypath -> KEY DOT . KEY

    KEY             shift and go to state 45


state 29

    (24) keypath -> keypath DOT . KEY

    KEY             shift and go to state 46


state 30

    (32) literals -> literals COMMA literals .
    (32) literals -> literals . COMMA literals
    (33) literals -> literals . RIGHT_ARROW literals
    (34) literals -> literals . LEFT_ARROW literals
    (35) literals -> literals . labeled_edge literals
    (29) labeled_edge -> . DASH edge_condition DASH GREATERTHAN
    (30) labeled_edge -> . LESSTHAN DASH edge_condition DASH

  ! shift/reduce conflict for COMMA resolved as shift
  ! shift/reduce conflict for RIGHT_ARROW resolved as shift
  ! shift/reduce conflict for LEFT_ARROW resolved as shift
  ! shift/reduce conflict for DASH resolved as shift
  ! shift/reduce conflict for LESSTHAN resolved as shift
    WHERE           reduce using rule 32 (literals -> literals COMMA literals .)
    RETURN          reduce using rule 32 (literals -> literals COMMA literals .)
    $end            reduce using rule 32 (literals -> literals COMMA literals .)
    COMMA           shift and go to state 17
    RIGHT_ARROW     shift and go to state 18
    LEFT_ARROW      shift and go to state 19
    DASH            shift and go to state 22
    LESSTHAN        shift and go to state 23

  ! COMMA           [ reduce using rule 32 (literals -> literals COMMA literals .) ]
  ! RIGHT_ARROW     [ reduce using rule 32 (literals -> literals COMMA literals .) ]
  ! LEFT_ARROW      [ reduce using rule 32 (literals -> literals COMMA literals .) ]
  ! DASH            [ reduce using rule 32 (literals -> literals COMMA literals .) ]
  ! LESSTHAN        [ reduce using rule 32 (literals -> literals COMMA literals .) ]

    labeled_edge                   shift and go to state 20

state 31

    (33) literals -> literals RIGHT_ARROW literals .
    (32) literals -> literals . COMMA literals
    (33) literals -> literals . RIGHT_ARROW literals
    (34) literals -> literals . LEFT_ARROW literals
    (35) literals -> literals . labeled_edge literals
    (29) labeled_edge -> . DASH edge_condition DASH GREATERTHAN
    (30) labeled_edge -> . LESSTHAN DASH edge_condition DASH

  ! shift/reduce conflict for COMMA resolved as shift
  ! shift/reduce conflict for RIGHT_ARROW resolved as shift
  ! shift/reduce conflict for LEFT_ARROW resolved as shift
  ! shift/reduce conflict for DASH resolved as shift
  ! shift/reduce conflict for LESSTHAN resolved as shift
    WHERE           reduce using rule 33 (literals -> literals RIGHT_ARROW literals .)
    RETURN          reduce using rule 33 (literals -> literals RIGHT_ARROW literals .)
    $end            reduce using rule 33 (literals -> literals RIGHT_ARROW literals .)
    COMMA           shift and go to state 17
    RIGHT_ARROW     shift and go to state 18
    LEFT_ARROW      shift and go to state 19
    DASH            shift and go to state 22
    LESSTHAN        shift and go to state 23

  ! COMMA           [ reduce using rule 33 (literals -> literals RIGHT_ARROW literals .) ]
  ! RIGHT_ARROW     [ reduce using rule 33 (literals -> literals RIGHT_ARROW literals .) ]
  ! LEFT_ARROW      [ reduce using rule 33 (literals -> literals RIGHT_ARROW literals .) ]
  ! DASH            [ reduce using rule 33 (literals -> literals RIGHT_ARROW literals .) ]
  ! LESSTHAN        [ reduce using rule 33 (literals -> literals RIGHT_ARROW literals .) ]

    labeled_edge                   shift and go to state 20

state 32

    (34) literals -> literals LEFT_ARROW literals .
    (32) literals -> literals . COMMA literals
    (33) literals -> literals . RIGHT_ARROW literals
    (34) literals -> literals . LEFT_ARROW literals
    (35) literals -> literals . labeled_edge literals
    (29) labeled_edge -> . DASH edge_condition DASH GREATERTHAN
    (30) labeled_edge -> . LESSTHAN DASH edge_condition DASH

  ! shift/reduce conflict for COMMA resolved as shift
  ! shift/reduce conflict for RIGHT_ARROW resolved as shift
  ! shift/reduce conflict for LEFT_ARROW resolved as shift
  ! shift/reduce conflict for DASH resolved as shift
  ! shift/reduce conflict for LESSTHAN resolved as shift
    WHERE           reduce using rule 34 (literals -> literals LEFT_ARROW literals .)
    RETURN          reduce using rule 34 (literals -> literals LEFT_ARROW literals .)
    $end            reduce using rule 34 (literals -> literals LEFT_ARROW literals .)
    COMMA           shift and go to state 17
    RIGHT_ARROW     shift and go to state 18
    LEFT_ARROW      shift and go to state 19
    DASH            shift and go to state 22
    LESSTHAN        shift and go to state 23

  ! COMMA           [ reduce using rule 34 (literals -> literals LEFT_ARROW literals .) ]
  ! RIGHT_ARROW     [ reduce using rule 34 (literals -> literals LEFT_ARROW literals .) ]
  ! LEFT_ARROW      [ reduce using rule 34 (literals -> literals LEFT_ARROW literals .) ]
  ! DASH            [ reduce using rule 34 (literals -> literals LEFT_ARROW literals .) ]
  ! LESSTHAN        [ reduce using rule 34 (literals -> literals LEFT_ARROW literals .) ]

    labeled_edge                   shift and go to state 20

state 33

    (35) literals -> literals labeled_edge literals .
    (32) literals -> literals . COMMA literals
    (33) literals -> literals . RIGHT_ARROW literals
    (34) literals -> literals . LEFT_ARROW literals
    (35) literals -> literals . labeled_edge literals
    (29) labeled_edge -> . DASH edge_condition DASH GREATERTHAN
    (30) labeled_edge -> . LESSTHAN DASH edge_condition DASH

  ! shift/reduce conflict for COMMA resolved as shift
  ! shift/reduce conflict for RIGHT_ARROW resolved as shift
  ! shift/reduce conflict for LEFT_ARROW resolved as shift
  ! shift/reduce conflict for DASH resolved as shift
  ! shift/reduce conflict for LESSTHAN resolved as shift
    WHERE           reduce using rule 35 (literals -> literals labeled_edge literals .)
    RETURN          reduce using rule 35 (literals -> literals labeled_edge literals .)
    $end            reduce using rule 35 (literals -> literals labeled_edge literals .)
    COMMA           shift and go to state 17
    RIGHT_ARROW     shift and go to state 18
    LEFT_ARROW      shift and go to state 19
    DASH            shift and go to state 22
    LESSTHAN        shift and go to state 23

  ! COMMA           [ reduce using rule 35 (literals -> literals labeled_edge literals .) ]
  ! RIGHT_ARROW     [ reduce using rule 35 (literals -> literals labeled_edge literals .) ]
  ! LEFT_ARROW      [ reduce using rule 35 (literals -> literals labeled_edge literals .) ]
  ! DASH            [ reduce using rule 35 (literals -> literals labeled_edge literals .) ]
  ! LESSTHAN        [ reduce using rule 35 (literals -> literals labeled_edge literals .) ]

    labeled_edge                   shift and go to state 20

state 34

    (22) where_clause -> WHERE constraint .
    (18) constraint -> constraint . OR constraint
    (19) constraint -> constraint . AND constraint

    RETURN          reduce using rule 22 (where_clause -> WHERE constraint .)
    OR              shift and go to state 47
    AND             shift and go to state 48


state 35

    (10) constraint -> keypath . EQUALS STRING
    (11) constraint -> keypath . EQUALS INTEGER
    (12) constraint -> keypath . EQUALS keypath
    (13) constraint -> keypath . NOT_EQUAL INTEGER
    (14) constraint -> keypath . GREATERTHAN INTEGER
    (15) constraint -> keypath . GREATERTHAN_OR_EQUAL INTEGER
    (16) constraint -> keypath . LESSTHAN INTEGER
    (17) constraint -> keypath . LESSTHAN_OR_EQUAL INTEGER
    (24) keypath -> keypath . DOT KEY

    EQUALS          shift and go to state 49
    NOT_EQUAL       shift and go to state 50
    GREATERTHAN     shift and go to state 51
    GREATERTHAN_OR_EQUAL shift and go to state 52
    LESSTHAN        shift and go to state 53
    LESSTHAN_OR_EQUAL shift and go to state 54
    DOT             shift and go to state 29


state 36

    (20) constraint -> NOT . constraint
    (10) constraint -> . keypath EQUALS STRING
    (11) constraint -> . keypath EQUALS INTEGER
    (12) constraint -> . keypath EQUALS keypath
    (13) constraint -> . keypath NOT_EQUAL INTEGER
    (14) constraint -> . keypath GREATERTHAN INTEGER
    (15) constraint -> . keypath GREATERTHAN_OR_EQUAL INTEGER
    (16) constraint -> . keypath LESSTHAN INTEGER
    (17) constraint -> . keypath LESSTHAN_OR_EQUAL INTEGER
    (18) constraint -> . constraint OR constraint
    (19) constraint -> . constraint AND constraint
    (20) constraint -> . NOT constraint
    (21) constraint -> . LPAREN constraint RPAREN
    (23) keypath -> . KEY DOT KEY
    (24) keypath -> . keypath DOT KEY

    NOT             shift and go to state 36
    LPAREN          shift and go to state 37
    KEY             shift and go to state 38

    constraint                     shift and go to state 55
    keypath                        shift and go to state 35

state 37

    (21) constraint -> LPAREN . constraint RPAREN
    (10) constraint -> . keypath EQUALS STRING
    (11) constraint -> . keypath EQUALS INTEGER
    (12) constraint -> . keypath EQUALS keypath
    (13) constraint -> . keypath NOT_EQUAL INTEGER
    (14) constraint -> . keypath GREATERTHAN INTEGER
    (15) constraint -> . keypath GREATERTHAN_OR_EQUAL INTEGER
    (16) constraint -> . keypath LESSTHAN INTEGER
    (17) constraint -> . keypath LESSTHAN_OR_EQUAL INTEGER
    (18) constraint -> . constraint OR constraint
    (19) constraint -> . constraint AND constraint
    (20) constraint -> . NOT constraint
    (21) constraint -> . LPAREN constraint RPAREN
    (23) keypath -> . KEY DOT KEY
    (24) keypath -> . keypath DOT KEY

    NOT             shift and go to state 36
    LPAREN          shift and go to state 37
    KEY             shift and go to state 38

    constraint                     shift and go to state 56
    keypath                        shift and go to state 35

state 38

    (23) keypath -> KEY . DOT KEY

    DOT             shift and go to state 28


state 39

    (29) labeled_edge -> DASH edge_condition . DASH GREATERTHAN

    DASH            shift and go to state 57


state 40

    (25) edge_condition -> LBRACKET . COLON NAME RBRACKET
    (26) edge_condition -> LBRACKET . COLON NAME condition_list RBRACKET
    (27) edge_condition -> LBRACKET . KEY COLON NAME RBRACKET
    (28) edge_condition -> LBRACKET . KEY COLON NAME condition_list RBRACKET

    COLON           shift and go to state 58
    KEY             shift and go to state 59


state 41

    (30) labeled_edge -> LESSTHAN DASH . edge_condition DASH
    (25) edge_condition -> . LBRACKET COLON NAME RBRACKET
    (26) edge_condition -> . LBRACKET COLON NAME condition_list RBRACKET
    (27) edge_condition -> . LBRACKET KEY COLON NAME RBRACKET
    (28) edge_condition -> . LBRACKET KEY COLON NAME condition_list RBRACKET

    LBRACKET        shift and go to state 40

    edge_condition                 shift and go to state 60

state 42

    (1) node_clause -> LPAREN KEY RPAREN .

    COMMA           reduce using rule 1 (node_clause -> LPAREN KEY RPAREN .)
    RIGHT_ARROW     reduce using rule 1 (node_clause -> LPAREN KEY RPAREN .)
    LEFT_ARROW      reduce using rule 1 (node_clause -> LPAREN KEY RPAREN .)
    WHERE           reduce using rule 1 (node_clause -> LPAREN KEY RPAREN .)
    DASH            reduce using rule 1 (node_clause -> LPAREN KEY RPAREN .)
    LESSTHAN        reduce using rule 1 (node_clause -> LPAREN KEY RPAREN .)
    RETURN          reduce using rule 1 (node_clause -> LPAREN KEY RPAREN .)
    $end            reduce using rule 1 (node_clause -> LPAREN KEY RPAREN .)


state 43

    (3) node_clause -> LPAREN KEY COLON . NAME RPAREN
    (4) node_clause -> LPAREN KEY COLON . NAME condition_list RPAREN

    NAME            shift and go to state 61


state 44

    (2) node_clause -> LPAREN COLON NAME . RPAREN

    RPAREN          shift and go to state 62


state 45

    (23) keypath -> KEY DOT KEY .

    DOT             reduce using rule 23 (keypath -> KEY DOT KEY .)
    COMMA           reduce using rule 23 (keypath -> KEY DOT KEY .)
    $end            reduce using rule 23 (keypath -> KEY DOT KEY .)
    EQUALS          reduce using rule 23 (keypath -> KEY DOT KEY .)
    NOT_EQUAL       reduce using rule 23 (keypath -> KEY DOT KEY .)
    GREATERTHAN     reduce using rule 23 (keypath -> KEY DOT KEY .)
    GREATERTHAN_OR_EQUAL reduce using rule 23 (keypath -> KEY DOT KEY .)
    LESSTHAN        reduce using rule 23 (keypath -> KEY DOT KEY .)
    LESSTHAN_OR_EQUAL reduce using rule 23 (keypath -> KEY DOT KEY .)
    OR              reduce using rule 23 (keypath -> KEY DOT KEY .)
    AND             reduce using rule 23 (keypath -> KEY DOT KEY .)
    RETURN          reduce using rule 23 (keypath -> KEY DOT KEY .)
    RPAREN          reduce using rule 23 (keypath -> KEY DOT KEY .)


state 46

    (24) keypath -> keypath DOT KEY .

    DOT             reduce using rule 24 (keypath -> keypath DOT KEY .)
    COMMA           reduce using rule 24 (keypath -> keypath DOT KEY .)
    $end            reduce using rule 24 (keypath -> keypath DOT KEY .)
    EQUALS          reduce using rule 24 (keypath -> keypath DOT KEY .)
    NOT_EQUAL       reduce using rule 24 (keypath -> keypath DOT KEY .)
    GREATERTHAN     reduce using rule 24 (keypath -> keypath DOT KEY .)
    GREATERTHAN_OR_EQUAL reduce using rule 24 (keypath -> keypath DOT KEY .)
    LESSTHAN        reduce using rule 24 (keypath -> keypath DOT KEY .)
    LESSTHAN_OR_EQUAL reduce using rule 24 (keypath -> keypath DOT KEY .)
    OR              reduce using rule 24 (keypath -> keypath DOT KEY .)
    AND             reduce using rule 24 (keypath -> keypath DOT KEY .)
    RETURN          reduce using rule 24 (keypath -> keypath DOT KEY .)
    RPAREN          reduce using rule 24 (keypath -> keypath DOT KEY .)


state 47

    (18) constraint -> constraint OR . constraint
    (10) constraint -> . keypath EQUALS STRING
    (11) constraint -> . keypath EQUALS INTEGER
    (12) constraint -> . keypath EQUALS keypath
    (13) constraint -> . keypath NOT_EQUAL INTEGER
    (14) constraint -> . keypath GREATERTHAN INTEGER
    (15) constraint -> . keypath GREATERTHAN_OR_EQUAL INTEGER
    (16) constraint -> . keypath LESSTHAN INTEGER
    (17) constraint -> . keypath LESSTHAN_OR_EQUAL INTEGER
    (18) constraint -> . constraint OR constraint
    (19) constraint -> . constraint AND constraint
    (20) constraint -> . NOT constraint
    (21) constraint -> . LPAREN constraint RPAREN
    (23) keypath -> . KEY DOT KEY
    (24) keypath -> . keypath DOT KEY

    NOT             shift and go to state 36
    LPAREN          shift and go to state 37
    KEY             shift and go to state 38

    constraint                     shift and go to state 63
    keypath                        shift and go to state 35

state 48

    (19) constraint -> constraint AND . constraint
    (10) constraint -> . keypath EQUALS STRING
    (11) constraint -> . keypath EQUALS INTEGER
    (12) constraint -> . keypath EQUALS keypath
    (13) constraint -> . keypath NOT_EQUAL INTEGER
    (14) constraint -> . keypath GREATERTHAN INTEGER
    (15) constraint -> . keypath GREATERTHAN_OR_EQUAL INTEGER
    (16) constraint -> . keypath LESSTHAN INTEGER
    (17) constraint -> . keypath LESSTHAN_OR_EQUAL INTEGER
    (18) constraint -> . constraint OR constraint
    (19) constraint -> . constraint AND constraint
    (20) constraint -> . NOT constraint
    (21) constraint -> . LPAREN constraint RPAREN
    (23) keypath -> . KEY DOT KEY
    (24) keypath -> . keypath DOT KEY

    NOT             shift and go to state 36
    LPAREN          shift and go to state 37
    KEY             shift and go to state 38

    constraint                     shift and go to state 64
    keypath                        shift and go to state 35

state 49

    (10) constraint -> keypath EQUALS . STRING
    (11) constraint -> keypath EQUALS . INTEGER
    (12) constraint -> keypath EQUALS . keypath
    (23) keypath -> . KEY DOT KEY
    (24) keypath -> . keypath DOT KEY

    STRING          shift and go to state 66
    INTEGER         shift and go to state 67
    KEY             shift and go to state 38

    keypath                        shift and go to state 65

state 50

    (13) constraint -> keypath NOT_EQUAL . INTEGER

    INTEGER         shift and go to state 68


state 51

    (14) constraint -> keypath GREATERTHAN . INTEGER

    INTEGER         shift and go to state 69


state 52

    (15) constraint -> keypath GREATERTHAN_OR_EQUAL . INTEGER

    INTEGER         shift and go to state 70


state 53

    (16) constraint -> keypath LESSTHAN . INTEGER

    INTEGER         shift and go to state 71


state 54

    (17) constraint -> keypath LESSTHAN_OR_EQUAL . INTEGER

    INTEGER         shift and go to state 72


state 55

    (20) constraint -> NOT constraint .
    (18) constraint -> constraint . OR constraint
    (19) constraint -> constraint . AND constraint

  ! shift/reduce conflict for OR resolved as shift
  ! shift/reduce conflict for AND resolved as shift
    RETURN          reduce using rule 20 (constraint -> NOT constraint .)
    RPAREN          reduce using rule 20 (constraint -> NOT constraint .)
    OR              shift and go to state 47
    AND             shift and go to state 48

  ! OR              [ reduce using rule 20 (constraint -> NOT constraint .) ]
  ! AND             [ reduce using rule 20 (constraint -> NOT constraint .) ]


state 56

    (21) constraint -> LPAREN constraint . RPAREN
    (18) constraint -> constraint . OR constraint
    (19) constraint -> constraint . AND constraint

    RPAREN          shift and go to state 73
    OR              shift and go to state 47
    AND             shift and go to state 48


state 57

    (29) labeled_edge -> DASH edge_condition DASH . GREATERTHAN

    GREATERTHAN     shift and go to state 74


state 58

    (25) edge_condition -> LBRACKET COLON . NAME RBRACKET
    (26) edge_condition -> LBRACKET COLON . NAME condition_list RBRACKET

    NAME            shift and go to state 75


state 59

    (27) edge_condition -> LBRACKET KEY . COLON NAME RBRACKET
    (28) edge_condition -> LBRACKET KEY . COLON NAME condition_list RBRACKET

    COLON           shift and go to state 76


state 60

    (30) labeled_edge -> LESSTHAN DASH edge_condition . DASH

    DASH            shift and go to state 77


state 61

    (3) node_clause -> LPAREN KEY COLON NAME . RPAREN
    (4) node_clause -> LPAREN KEY COLON NAME . condition_list RPAREN
    (5) condition_list -> . KEY COLON STRING
    (6) condition_list -> . KEY COLON INTEGER
    (7) condition_list -> . condition_list COMMA condition_list
    (8) condition_list -> . LCURLEY condition_list RCURLEY
    (9) condition_list -> . KEY COLON condition_list

    RPAREN          shift and go to state 79
    KEY             shift and go to state 78
    LCURLEY         shift and go to state 81

    condition_list                 shift and go to state 80

state 62

    (2) node_clause -> LPAREN COLON NAME RPAREN .

    COMMA           reduce using rule 2 (node_clause -> LPAREN COLON NAME RPAREN .)
    RIGHT_ARROW     reduce using rule 2 (node_clause -> LPAREN COLON NAME RPAREN .)
    LEFT_ARROW      reduce using rule 2 (node_clause -> LPAREN COLON NAME RPAREN .)
    WHERE           reduce using rule 2 (node_clause -> LPAREN COLON NAME RPAREN .)
    DASH            reduce using rule 2 (node_clause -> LPAREN COLON NAME RPAREN .)
    LESSTHAN        reduce using rule 2 (node_clause -> LPAREN COLON NAME RPAREN .)
    RETURN          reduce using rule 2 (node_clause -> LPAREN COLON NAME RPAREN .)
    $end            reduce using rule 2 (node_clause -> LPAREN COLON NAME RPAREN .)


state 63

    (18) constraint -> constraint OR constraint .
    (18) constraint -> constraint . OR constraint
    (19) constraint -> constraint . AND constraint

  ! shift/reduce conflict for OR resolved as shift
  ! shift/reduce conflict for AND resolved as shift
    RETURN          reduce using rule 18 (constraint -> constraint OR constraint .)
    RPAREN          reduce using rule 18 (constraint -> constraint OR constraint .)
    OR              shift and go to state 47
    AND             shift and go to state 48

  ! OR              [ reduce using rule 18 (constraint -> constraint OR constraint .) ]
  ! AND             [ reduce using rule 18 (constraint -> constraint OR constraint .) ]


state 64

    (19) constraint -> constraint AND constraint .
    (18) constraint -> constraint . OR constraint
    (19) constraint -> constraint . AND constraint

  ! shift/reduce conflict for OR resolved as shift
  ! shift/reduce conflict for AND resolved as shift
    RETURN          reduce using rule 19 (constraint -> constraint AND constraint .)
    RPAREN          reduce using rule 19 (constraint -> constraint AND constraint .)
    OR              shift and go to state 47
    AND             shift and go to state 48

  ! OR              [ reduce using rule 19 (constraint -> constraint AND constraint .) ]
  ! AND             [ reduce using rule 19 (constraint -> constraint AND constraint .) ]


state 65

    (12) constraint -> keypath EQUALS keypath .
    (24) keypath -> keypath . DOT KEY

    OR              reduce using rule 12 (constraint -> keypath EQUALS keypath .)
    AND             reduce using rule 12 (constraint -> keypath EQUALS keypath .)
    RETURN          reduce using rule 12 (constraint -> keypath EQUALS keypath .)
    RPAREN          reduce using rule 12 (constraint -> keypath EQUALS keypath .)
    DOT             shift and go to state 29


state 66

    (10) constraint -> keypath EQUALS STRING .

    OR              reduce using rule 10 (constraint -> keypath EQUALS STRING .)
    AND             reduce using rule 10 (constraint -> keypath EQUALS STRING .)
    RETURN          reduce using rule 10 (constraint -> keypath EQUALS STRING .)
    RPAREN          reduce using rule 10 (constraint -> keypath EQUALS STRING .)


state 67

    (11) constraint -> keypath EQUALS INTEGER .

    OR              reduce using rule 11 (constraint -> keypath EQUALS INTEGER .)
    AND             reduce using rule 11 (constraint -> keypath EQUALS INTEGER .)
    RETURN          reduce using rule 11 (constraint -> keypath EQUALS INTEGER .)
    RPAREN          reduce using rule 11 (constraint -> keypath EQUALS INTEGER .)


state 68

    (13) constraint -> keypath NOT_EQUAL INTEGER .

    OR              reduce using rule 13 (constraint -> keypath NOT_EQUAL INTEGER .)
    AND             reduce using rule 13 (constraint -> keypath NOT_EQUAL INTEGER .)
    RETURN          reduce using rule 13 (constraint -> keypath NOT_EQUAL INTEGER .)
    RPAREN          reduce using rule 13 (constraint -> keypath NOT_EQUAL INTEGER .)


state 69

    (14) constraint -> keypath GREATERTHAN INTEGER .

    OR              reduce using rule 14 (constraint -> keypath GREATERTHAN INTEGER .)
    AND             reduce using rule 14 (constraint -> keypath GREATERTHAN INTEGER .)
    RETURN          reduce using rule 14 (constraint -> keypath GREATERTHAN INTEGER .)
    RPAREN          reduce using rule 14 (constraint -> keypath GREATERTHAN INTEGER .)


state 70

    (15) constraint -> keypath GREATERTHAN_OR_EQUAL INTEGER .

    OR              reduce using rule 15 (constraint -> keypath GREATERTHAN_OR_EQUAL INTEGER .)
    AND             reduce using rule 15 (constraint -> keypath GREATERTHAN_OR_EQUAL INTEGER .)
    RETURN          reduce using rule 15 (constraint -> keypath GREATERTHAN_OR_EQUAL INTEGER .)
    RPAREN          reduce using rule 15 (constraint -> keypath GREATERTHAN_OR_EQUAL INTEGER .)


state 71

    (16) constraint -> keypath LESSTHAN INTEGER .

    OR              reduce using rule 16 (constraint -> keypath LESSTHAN INTEGER .)
    AND             reduce using rule 16 (constraint -> keypath LESSTHAN INTEGER .)
    RETURN          reduce using rule 16 (constraint -> keypath LESSTHAN INTEGER .)
    RPAREN          reduce using rule 16 (constraint -> keypath LESSTHAN INTEGER .)


state 72

    (17) constraint -> keypath LESSTHAN_OR_EQUAL INTEGER .

    OR              reduce using rule 17 (constraint -> keypath LESSTHAN_OR_EQUAL INTEGER .)
    AND             reduce using rule 17 (constraint -> keypath LESSTHAN_OR_EQUAL INTEGER .)
    RETURN          reduce using rule 17 (constraint -> keypath LESSTHAN_OR_EQUAL INTEGER .)
    RPAREN          reduce using rule 17 (constraint -> keypath LESSTHAN_OR_EQUAL INTEGER .)


state 73

    (21) constraint -> LPAREN constraint RPAREN .

    OR              reduce using rule 21 (constraint -> LPAREN constraint RPAREN .)
    AND             reduce using rule 21 (constraint -> LPAREN constraint RPAREN .)
    RETURN          reduce using rule 21 (constraint -> LPAREN constraint RPAREN .)
    RPAREN          reduce using rule 21 (constraint -> LPAREN constraint RPAREN .)


state 74

    (29) labeled_edge -> DASH edge_condition DASH GREATERTHAN .

    LPAREN          reduce using rule 29 (labeled_edge -> DASH edge_condition DASH GREATERTHAN .)


state 75

    (25) edge_condition -> LBRACKET COLON NAME . RBRACKET
    (26) edge_condition -> LBRACKET COLON NAME . condition_list RBRACKET
    (5) condition_list -> . KEY COLON STRING
    (6) condition_list -> . KEY COLON INTEGER
    (7) condition_list -> . condition_list COMMA condition_list
    (8) condition_list -> . LCURLEY condition_list RCURLEY
    (9) condition_list -> . KEY COLON condition_list

    RBRACKET        shift and go to state 82
    KEY             shift and go to state 78
    LCURLEY         shift and go to state 81

    condition_list                 shift and go to state 83

state 76

    (27) edge_condition -> LBRACKET KEY COLON . NAME RBRACKET
    (28) edge_condition -> LBRACKET KEY COLON . NAME condition_list RBRACKET

    NAME            shift and go to state 84


state 77

    (30) labeled_edge -> LESSTHAN DASH edge_condition DASH .

    LPAREN          reduce using rule 30 (labeled_edge -> LESSTHAN DASH edge_condition DASH .)


state 78

    (5) condition_list -> KEY . COLON STRING
    (6) condition_list -> KEY . COLON INTEGER
    (9) condition_list -> KEY . COLON condition_list

    COLON           shift and go to state 85


state 79

    (3) node_clause -> LPAREN KEY COLON NAME RPAREN .

    COMMA           reduce using rule 3 (node_clause -> LPAREN KEY COLON NAME RPAREN .)
    RIGHT_ARROW     reduce using rule 3 (node_clause -> LPAREN KEY COLON NAME RPAREN .)
    LEFT_ARROW      reduce using rule 3 (node_clause -> LPAREN KEY COLON NAME RPAREN .)
    WHERE           reduce using rule 3 (node_clause -> LPAREN KEY COLON NAME RPAREN .)
    DASH            reduce using rule 3 (node_clause -> LPAREN KEY COLON NAME RPAREN .)
    LESSTHAN        reduce using rule 3 (node_clause -> LPAREN KEY COLON NAME RPAREN .)
    RETURN          reduce using rule 3 (node_clause -> LPAREN KEY COLON NAME RPAREN .)
    $end            reduce using rule 3 (node_clause -> LPAREN KEY COLON NAME RPAREN .)


state 80

    (4) node_clause -> LPAREN KEY COLON NAME condition_list . RPAREN
    (7) condition_list -> condition_list . COMMA condition_list

    RPAREN          shift and go to state 86
    COMMA           shift and go to state 87


state 81

    (8) condition_list -> LCURLEY . condition_list RCURLEY
    (5) condition_list -> . KEY COLON STRING
    (6) condition_list -> . KEY COLON INTEGER
    (7) condition_list -> . condition_list COMMA condition_list
    (8) condition_list -> . LCURLEY condition_list RCURLEY
    (9) condition_list -> . KEY COLON condition_list

    KEY             shift and go to state 78
    LCURLEY         shift and go to state 81

    condition_list                 shift and go to state 88

state 82

    (25) edge_condition -> LBRACKET COLON NAME RBRACKET .

    DASH            reduce using rule 25 (edge_condition -> LBRACKET COLON NAME RBRACKET .)


state 83

    (26) edge_condition -> LBRACKET COLON NAME condition_list . RBRACKET
    (7) condition_list -> condition_list . COMMA condition_list

    RBRACKET        shift and go to state 89
    COMMA           shift and go to state 87


state 84

    (27) edge_condition -> LBRACKET KEY COLON NAME . RBRACKET
    (28) edge_condition -> LBRACKET KEY COLON NAME . condition_list RBRACKET
    (5) condition_list -> . KEY COLON STRING
    (6) condition_list -> . KEY COLON INTEGER
    (7) condition_list -> . condition_list COMMA condition_list
    (8) condition_list -> . LCURLEY condition_list RCURLEY
    (9) condition_list -> . KEY COLON condition_list

    RBRACKET        shift and go to state 90
    KEY             shift and go to state 78
    LCURLEY         shift and go to state 81

    condition_list                 shift and go to state 91

state 85

    (5) condition_list -> KEY COLON . STRING
    (6) condition_list -> KEY COLON . INTEGER
    (9) condition_list -> KEY COLON . condition_list
    (5) condition_list -> . KEY COLON STRING
    (6) condition_list -> . KEY COLON INTEGER
    (7) condition_list -> . condition_list COMMA condition_list
    (8) condition_list -> . LCURLEY condition_list RCURLEY
    (9) condition_list -> . KEY COLON condition_list

    STRING          shift and go to state 92
    INTEGER         shift and go to state 93
    KEY             shift and go to state 78
    LCURLEY         shift and go to state 81

    condition_list                 shift and go to state 94

state 86

    (4) node_clause -> LPAREN KEY COLON NAME condition_list RPAREN .

    COMMA           reduce using rule 4 (node_clause -> LPAREN KEY COLON NAME condition_list RPAREN .)
    RIGHT_ARROW     reduce using rule 4 (node_clause -> LPAREN KEY COLON NAME condition_list RPAREN .)
    LEFT_ARROW      reduce using rule 4 (node_clause -> LPAREN KEY COLON NAME condition_list RPAREN .)
    WHERE           reduce using rule 4 (node_clause -> LPAREN KEY COLON NAME condition_list RPAREN .)
    DASH            reduce using rule 4 (node_clause -> LPAREN KEY COLON NAME condition_list RPAREN .)
    LESSTHAN        reduce using rule 4 (node_clause -> LPAREN KEY COLON NAME condition_list RPAREN .)
    RETURN          reduce using rule 4 (node_clause -> LPAREN KEY COLON NAME condition_list RPAREN .)
    $end            reduce using rule 4 (node_clause -> LPAREN KEY COLON NAME condition_list RPAREN .)


state 87

    (7) condition_list -> condition_list COMMA . condition_list
    (5) condition_list -> . KEY COLON STRING
    (6) condition_list -> . KEY COLON INTEGER
    (7) condition_list -> . condition_list COMMA condition_list
    (8) condition_list -> . LCURLEY condition_list RCURLEY
    (9) condition_list -> . KEY COLON condition_list

    KEY             shift and go to state 78
    LCURLEY         shift and go to state 81

    condition_list                 shift and go to state 95

state 88

    (8) condition_list -> LCURLEY condition_list . RCURLEY
    (7) condition_list -> condition_list . COMMA condition_list

    RCURLEY         shift and go to state 96
    COMMA           shift and go to state 87


state 89

    (26) edge_condition -> LBRACKET COLON NAME condition_list RBRACKET .

    DASH            reduce using rule 26 (edge_condition -> LBRACKET COLON NAME condition_list RBRACKET .)


state 90

    (27) edge_condition -> LBRACKET KEY COLON NAME RBRACKET .

    DASH            reduce using rule 27 (edge_condition -> LBRACKET KEY COLON NAME RBRACKET .)


state 91

    (28) edge_condition -> LBRACKET KEY COLON NAME condition_list . RBRACKET
    (7) condition_list -> condition_list . COMMA condition_list

    RBRACKET        shift and go to state 97
    COMMA           shift and go to state 87


state 92

    (5) condition_list -> KEY COLON STRING .

    RPAREN          reduce using rule 5 (condition_list -> KEY COLON STRING .)
    COMMA           reduce using rule 5 (condition_list -> KEY COLON STRING .)
    RBRACKET        reduce using rule 5 (condition_list -> KEY COLON STRING .)
    RCURLEY         reduce using rule 5 (condition_list -> KEY COLON STRING .)


state 93

    (6) condition_list -> KEY COLON INTEGER .

    RPAREN          reduce using rule 6 (condition_list -> KEY COLON INTEGER .)
    COMMA           reduce using rule 6 (condition_list -> KEY COLON INTEGER .)
    RBRACKET        reduce using rule 6 (condition_list -> KEY COLON INTEGER .)
    RCURLEY         reduce using rule 6 (condition_list -> KEY COLON INTEGER .)


state 94

    (9) condition_list -> KEY COLON condition_list .
    (7) condition_list -> condition_list . COMMA condition_list

  ! shift/reduce conflict for COMMA resolved as shift
    RPAREN          reduce using rule 9 (condition_list -> KEY COLON condition_list .)
    RBRACKET        reduce using rule 9 (condition_list -> KEY COLON condition_list .)
    RCURLEY         reduce using rule 9 (condition_list -> KEY COLON condition_list .)
    COMMA           shift and go to state 87

  ! COMMA           [ reduce using rule 9 (condition_list -> KEY COLON condition_list .) ]


state 95

    (7) condition_list -> condition_list COMMA condition_list .
    (7) condition_list -> condition_list . COMMA condition_list

  ! shift/reduce conflict for COMMA resolved as shift
    RPAREN          reduce using rule 7 (condition_list -> condition_list COMMA condition_list .)
    RBRACKET        reduce using rule 7 (condition_list -> condition_list COMMA condition_list .)
    RCURLEY         reduce using rule 7 (condition_list -> condition_list COMMA condition_list .)
    COMMA           shift and go to state 87

  ! COMMA           [ reduce using rule 7 (condition_list -> condition_list COMMA condition_list .) ]


state 96

    (8) condition_list -> LCURLEY condition_list RCURLEY .

    RPAREN          reduce using rule 8 (condition_list -> LCURLEY condition_list RCURLEY .)
    COMMA           reduce using rule 8 (condition_list -> LCURLEY condition_list RCURLEY .)
    RBRACKET        reduce using rule 8 (condition_list -> LCURLEY condition_list RCURLEY .)
    RCURLEY         reduce using rule 8 (condition_list -> LCURLEY condition_list RCURLEY .)


state 97

    (28) edge_condition -> LBRACKET KEY COLON NAME condition_list RBRACKET .

    DASH            reduce using rule 28 (edge_condition -> LBRACKET KEY COLON NAME condition_list RBRACKET .)

WARNING: 
WARNING: Conflicts:
WARNING: 
WARNING: shift/reduce conflict for COMMA in state 30 resolved as shift
WARNING: shift/reduce conflict for RIGHT_ARROW in state 30 resolved as shift
WARNING: shift/reduce conflict for LEFT_ARROW in state 30 resolved as shift
WARNING: shift/reduce conflict for DASH in state 30 resolved as shift
WARNING: shift/reduce conflict for LESSTHAN in state 30 resolved as shift
WARNING: shift/reduce conflict for COMMA in state 31 resolved as shift
WARNING: shift/reduce conflict for RIGHT_ARROW in state 31 resolved as shift
WARNING: shift/reduce conflict for LEFT_ARROW in state 31 resolved as shift
WARNING: shift/reduce conflict for DASH in state 31 resolved as shift
WARNING: shift/reduce conflict for LESSTHAN in state 31 resolved as shift
WARNING: shift/reduce conflict for COMMA in state 32 resolved as shift
WARNING: shift/reduce conflict for RIGHT_ARROW in state 32 resolved as shift
WARNING: shift/reduce conflict for LEFT_ARROW in state 32 resolved as shift
WARNING: shift/reduce conflict for DASH in state 32 resolved as shift
WARNING: shift/reduce conflict for LESSTHAN in state 32 resolved as shift
WARNING: shift/reduce conflict for COMMA in state 33 resolved as shift
WARNING: shift/reduce conflict for RIGHT_ARROW in state 33 resolved as shift
WARNING: shift/reduce conflict for LEFT_ARROW in state 33 resolved as shift
WARNING: shift/reduce conflict for DASH in state 33 resolved as shift
WARNING: shift/reduce conflict for LESSTHAN in state 33 resolved as shift
WARNING: shift/reduce conflict for OR in state 55 resolved as shift
WARNING: shift/reduce conflict for AND in state 55 resolved as shift
WARNING: shift/reduce conflict for OR in state 63 resolved as shift
WARNING: shift/reduce conflict for AND in state 63 resolved as shift
WARNING: shift/reduce conflict for OR in state 64 resolved as shift
WARNING: shift/reduce conflict for AND in state 64 resolved as shift
WARNING: shift/reduce conflict for COMMA in state 94 resolved as shift
WARNING: shift/reduce conflict for COMMA in state 95 resolved as shift
